[DEBUG] 2023-12-04 18:13:45.319 [main] Pages_Test - Started.......
[INFO ] 2023-12-04 18:13:45.366 [main] Pages_Test - Home Page Title Test Started...
[INFO ] 2023-12-04 18:13:45.370 [main] Pages_Test - Home Page Title Matched...
[INFO ] 2023-12-04 18:13:45.396 [main] Pages_Test - Home Page Url Test Started...
[INFO ] 2023-12-04 18:13:45.397 [main] Pages_Test - Home Page Url Matched...
[INFO ] 2023-12-04 18:13:45.474 [main] Pages_Test - Home Page Logo Test Started...
[INFO ] 2023-12-04 18:13:45.475 [main] Pages_Test - Home Page logo Matched...
[INFO ] 2023-12-04 18:13:45.975 [main] Pages_Test - Home Page Links Test Started...
[INFO ] 2023-12-04 18:13:46.129 [main] Pages_Test - Home Page Products Test Started...
[INFO ] 2023-12-04 18:13:46.130 [main] Pages_Test - Home Page Products Matched...
[INFO ] 2023-12-04 18:13:46.266 [main] Pages_Test - Home Page Products name Verified...
[INFO ] 2023-12-04 18:13:46.409 [main] Pages_Test - Home Page Footer Text Verified...
[INFO ] 2023-12-04 18:13:46.571 [main] Pages_Test - Login Page Title Test Started...
[INFO ] 2023-12-04 18:13:46.572 [main] Pages_Test - Login Page Title Matched...
[INFO ] 2023-12-04 18:13:49.856 [main] Pages_Test - Login Page Signup Done...
[INFO ] 2023-12-04 18:13:50.843 [main] Pages_Test - Login Page Login Done...
[INFO ] 2023-12-04 18:13:56.486 [main] Pages_Test - Product Page Title Test Started
[INFO ] 2023-12-04 18:13:56.486 [main] Pages_Test - Product Page Title Matched
[INFO ] 2023-12-04 18:13:56.502 [main] Pages_Test - Product Page Url Test Started
[INFO ] 2023-12-04 18:13:56.502 [main] Pages_Test - Product Page Url Matched
[INFO ] 2023-12-04 18:13:57.378 [main] Pages_Test - Product Page Product Name Test Started
[INFO ] 2023-12-04 18:13:57.379 [main] Pages_Test - Product Page Product Name Matched
[INFO ] 2023-12-04 18:13:57.432 [main] Pages_Test - Product Page Product Description Test Started
[INFO ] 2023-12-04 18:13:57.433 [main] Pages_Test - Product Page Product Description matched
[INFO ] 2023-12-04 18:13:59.622 [main] Pages_Test - Product Page Click on cart button done
[INFO ] 2023-12-04 18:13:59.685 [main] Pages_Test - Checkout Page Title Test Started..
[INFO ] 2023-12-04 18:13:59.685 [main] Pages_Test - Checkout Page Title Matched..
[INFO ] 2023-12-04 18:13:59.701 [main] Pages_Test - Checkout Page Url Test Started..
[INFO ] 2023-12-04 18:13:59.701 [main] Pages_Test - Checkout Page Title Matched..
[INFO ] 2023-12-04 18:14:01.280 [main] Pages_Test - Checkout Page Product Name Test Started..
[INFO ] 2023-12-04 18:14:01.281 [main] Pages_Test - Checkout Page Product Name Matched..
[INFO ] 2023-12-04 18:14:01.329 [main] Pages_Test - Checkout Page Product Price Test Started..
[INFO ] 2023-12-04 18:14:01.329 [main] Pages_Test - Checkout Page Product Name Matched..
[INFO ] 2023-12-04 18:14:01.373 [main] Pages_Test - Checkout Page Product Price Test Started..
[INFO ] 2023-12-04 18:14:01.373 [main] Pages_Test - Checkout Page Product price matched..
[INFO ] 2023-12-04 18:14:01.469 [main] Pages_Test - Checkout Page Click on place Order..
[INFO ] 2023-12-04 18:14:02.737 [main] Pages_Test - Address Page Data Send
[INFO ] 2023-12-04 18:14:02.791 [main] Pages_Test - Address Page Purchase Msg Test Started
[INFO ] 2023-12-04 18:14:02.791 [main] Pages_Test - Address Page Purchase Msg Matched..
[INFO ] 2023-12-04 18:14:02.858 [main] Pages_Test - Address Page Order Msg Test Started
[DEBUG] 2023-12-04 18:14:03.171 [main] Pages_Test - Ended.........
[DEBUG] 2023-12-04 19:08:52.369 [main] Pages_Test - Started.......
[INFO ] 2023-12-04 19:08:52.502 [main] Pages_Test - Home Page Title Test Started...
[INFO ] 2023-12-04 19:08:52.507 [main] Pages_Test - Home Page Title Matched...
[INFO ] 2023-12-04 19:08:52.547 [main] Pages_Test - Home Page Url Test Started...
[INFO ] 2023-12-04 19:08:52.547 [main] Pages_Test - Home Page Url Matched...
[INFO ] 2023-12-04 19:08:52.725 [main] Pages_Test - Home Page Logo Test Started...
[INFO ] 2023-12-04 19:08:52.725 [main] Pages_Test - Home Page logo Matched...
[INFO ] 2023-12-04 19:08:53.352 [main] Pages_Test - Home Page Links Test Started...
[INFO ] 2023-12-04 19:08:53.513 [main] Pages_Test - Home Page Products Test Started...
[INFO ] 2023-12-04 19:08:53.513 [main] Pages_Test - Home Page Products Matched...
[INFO ] 2023-12-04 19:08:53.640 [main] Pages_Test - Home Page Products name Verified...
[INFO ] 2023-12-04 19:08:53.777 [main] Pages_Test - Home Page Footer Text Verified...
[INFO ] 2023-12-04 19:08:53.914 [main] Pages_Test - Login Page Title Test Started...
[INFO ] 2023-12-04 19:08:53.915 [main] Pages_Test - Login Page Title Matched...
[INFO ] 2023-12-04 19:08:56.527 [main] Pages_Test - Login Page Signup Done...
[INFO ] 2023-12-04 19:08:57.495 [main] Pages_Test - Login Page Login Done...
[INFO ] 2023-12-04 19:09:03.199 [main] Pages_Test - Product Page Title Test Started
[INFO ] 2023-12-04 19:09:03.200 [main] Pages_Test - Product Page Title Matched
[INFO ] 2023-12-04 19:09:03.214 [main] Pages_Test - Product Page Url Test Started
[INFO ] 2023-12-04 19:09:03.214 [main] Pages_Test - Product Page Url Matched
[INFO ] 2023-12-04 19:09:04.377 [main] Pages_Test - Product Page Product Name Test Started
[INFO ] 2023-12-04 19:09:04.377 [main] Pages_Test - Product Page Product Name Matched
[INFO ] 2023-12-04 19:09:04.428 [main] Pages_Test - Product Page Product Description Test Started
[INFO ] 2023-12-04 19:09:04.428 [main] Pages_Test - Product Page Product Description matched
[INFO ] 2023-12-04 19:09:06.618 [main] Pages_Test - Product Page Click on cart button done
[INFO ] 2023-12-04 19:09:06.675 [main] Pages_Test - Checkout Page Title Test Started..
[INFO ] 2023-12-04 19:09:06.675 [main] Pages_Test - Checkout Page Title Matched..
[INFO ] 2023-12-04 19:09:06.692 [main] Pages_Test - Checkout Page Url Test Started..
[INFO ] 2023-12-04 19:09:06.693 [main] Pages_Test - Checkout Page Title Matched..
[INFO ] 2023-12-04 19:09:08.072 [main] Pages_Test - Checkout Page Product Name Test Started..
[INFO ] 2023-12-04 19:09:08.073 [main] Pages_Test - Checkout Page Product Name Matched..
[INFO ] 2023-12-04 19:09:08.126 [main] Pages_Test - Checkout Page Product Price Test Started..
[INFO ] 2023-12-04 19:09:08.126 [main] Pages_Test - Checkout Page Product Name Matched..
[INFO ] 2023-12-04 19:09:08.171 [main] Pages_Test - Checkout Page Product Price Test Started..
[INFO ] 2023-12-04 19:09:08.172 [main] Pages_Test - Checkout Page Product price matched..
[INFO ] 2023-12-04 19:09:08.272 [main] Pages_Test - Checkout Page Click on place Order..
[INFO ] 2023-12-04 19:09:09.744 [main] Pages_Test - Address Page Data Send
[INFO ] 2023-12-04 19:09:09.821 [main] Pages_Test - Address Page Purchase Msg Test Started
[INFO ] 2023-12-04 19:09:09.822 [main] Pages_Test - Address Page Purchase Msg Matched..
[INFO ] 2023-12-04 19:09:09.903 [main] Pages_Test - Address Page Order Msg Test Started
[DEBUG] 2023-12-04 19:09:10.266 [main] Pages_Test - Ended.........
[DEBUG] 2023-12-04 19:11:09.410 [main] Pages_Test - Started.......
[INFO ] 2023-12-04 19:11:09.500 [main] Pages_Test - Home Page Title Test Started...
[INFO ] 2023-12-04 19:11:09.505 [main] Pages_Test - Home Page Title Matched...
[INFO ] 2023-12-04 19:11:09.547 [main] Pages_Test - Home Page Url Test Started...
[INFO ] 2023-12-04 19:11:09.547 [main] Pages_Test - Home Page Url Matched...
[INFO ] 2023-12-04 19:11:09.661 [main] Pages_Test - Home Page Logo Test Started...
[INFO ] 2023-12-04 19:11:09.661 [main] Pages_Test - Home Page logo Matched...
[INFO ] 2023-12-04 19:11:10.344 [main] Pages_Test - Home Page Links Test Started...
[INFO ] 2023-12-04 19:11:10.515 [main] Pages_Test - Home Page Products Test Started...
[INFO ] 2023-12-04 19:11:10.515 [main] Pages_Test - Home Page Products Matched...
[INFO ] 2023-12-04 19:11:10.666 [main] Pages_Test - Home Page Products name Verified...
[INFO ] 2023-12-04 19:11:10.811 [main] Pages_Test - Home Page Footer Text Verified...
[INFO ] 2023-12-04 19:11:10.991 [main] Pages_Test - Login Page Title Test Started...
[INFO ] 2023-12-04 19:11:10.994 [main] Pages_Test - Login Page Title Matched...
[INFO ] 2023-12-04 19:11:13.680 [main] Pages_Test - Login Page Signup Done...
[INFO ] 2023-12-04 19:11:14.612 [main] Pages_Test - Login Page Login Done...
[INFO ] 2023-12-04 19:11:19.735 [main] Pages_Test - Product Page Title Test Started
[INFO ] 2023-12-04 19:11:19.735 [main] Pages_Test - Product Page Title Matched
[INFO ] 2023-12-04 19:11:19.759 [main] Pages_Test - Product Page Url Test Started
[INFO ] 2023-12-04 19:11:19.759 [main] Pages_Test - Product Page Url Matched
[INFO ] 2023-12-04 19:11:20.708 [main] Pages_Test - Product Page Product Name Test Started
[INFO ] 2023-12-04 19:11:20.708 [main] Pages_Test - Product Page Product Name Matched
[INFO ] 2023-12-04 19:11:20.761 [main] Pages_Test - Product Page Product Description Test Started
[INFO ] 2023-12-04 19:11:20.761 [main] Pages_Test - Product Page Product Description matched
[INFO ] 2023-12-04 19:11:23.325 [main] Pages_Test - Product Page Click on cart button done
[INFO ] 2023-12-04 19:11:23.383 [main] Pages_Test - Checkout Page Title Test Started..
[INFO ] 2023-12-04 19:11:23.384 [main] Pages_Test - Checkout Page Title Matched..
[INFO ] 2023-12-04 19:11:23.402 [main] Pages_Test - Checkout Page Url Test Started..
[INFO ] 2023-12-04 19:11:23.402 [main] Pages_Test - Checkout Page Title Matched..
[INFO ] 2023-12-04 19:11:25.435 [main] Pages_Test - Checkout Page Product Name Test Started..
[INFO ] 2023-12-04 19:11:25.436 [main] Pages_Test - Checkout Page Product Name Matched..
[INFO ] 2023-12-04 19:11:25.490 [main] Pages_Test - Checkout Page Product Price Test Started..
[INFO ] 2023-12-04 19:11:25.490 [main] Pages_Test - Checkout Page Product Name Matched..
[INFO ] 2023-12-04 19:11:25.554 [main] Pages_Test - Checkout Page Product Price Test Started..
[INFO ] 2023-12-04 19:11:25.554 [main] Pages_Test - Checkout Page Product price matched..
[INFO ] 2023-12-04 19:11:25.653 [main] Pages_Test - Checkout Page Click on place Order..
[INFO ] 2023-12-04 19:11:26.926 [main] Pages_Test - Address Page Data Send
[INFO ] 2023-12-04 19:11:27.005 [main] Pages_Test - Address Page Purchase Msg Test Started
[INFO ] 2023-12-04 19:11:27.006 [main] Pages_Test - Address Page Purchase Msg Matched..
[INFO ] 2023-12-04 19:11:27.072 [main] Pages_Test - Address Page Order Msg Test Started
[DEBUG] 2023-12-04 19:11:27.354 [main] Pages_Test - Ended.........
