[DEBUG] 2023-12-05 09:05:51.423 [main] Pages_Test - Started.......
[INFO ] 2023-12-05 09:05:51.538 [main] Pages_Test - Home Page Title Test Started...
[INFO ] 2023-12-05 09:05:51.543 [main] Pages_Test - Home Page Title Matched...
[INFO ] 2023-12-05 09:05:51.591 [main] Pages_Test - Home Page Url Test Started...
[INFO ] 2023-12-05 09:05:51.591 [main] Pages_Test - Home Page Url Matched...
[INFO ] 2023-12-05 09:05:51.686 [main] Pages_Test - Home Page Logo Test Started...
[INFO ] 2023-12-05 09:05:51.687 [main] Pages_Test - Home Page logo Matched...
[INFO ] 2023-12-05 09:05:52.425 [main] Pages_Test - Home Page Links Test Started...
[INFO ] 2023-12-05 09:05:52.687 [main] Pages_Test - Home Page Products Test Started...
[INFO ] 2023-12-05 09:05:52.687 [main] Pages_Test - Home Page Products Matched...
[INFO ] 2023-12-05 09:05:52.913 [main] Pages_Test - Home Page Products name Verified...
[INFO ] 2023-12-05 09:05:53.129 [main] Pages_Test - Home Page Footer Text Verified...
[INFO ] 2023-12-05 09:05:53.391 [main] Pages_Test - Login Page Title Test Started...
[INFO ] 2023-12-05 09:05:53.392 [main] Pages_Test - Login Page Title Matched...
[INFO ] 2023-12-05 09:05:57.228 [main] Pages_Test - Login Page Signup Done...
[INFO ] 2023-12-05 09:05:58.678 [main] Pages_Test - Login Page Login Done...
[INFO ] 2023-12-05 09:06:06.056 [main] Pages_Test - Product Page Title Test Started
[INFO ] 2023-12-05 09:06:06.059 [main] Pages_Test - Product Page Title Matched
[INFO ] 2023-12-05 09:06:06.113 [main] Pages_Test - Product Page Url Test Started
[INFO ] 2023-12-05 09:06:06.113 [main] Pages_Test - Product Page Url Matched
[INFO ] 2023-12-05 09:06:06.927 [main] Pages_Test - Product Page Product Name Test Started
[INFO ] 2023-12-05 09:06:06.927 [main] Pages_Test - Product Page Product Name Matched
[INFO ] 2023-12-05 09:06:07.001 [main] Pages_Test - Product Page Product Description Test Started
[INFO ] 2023-12-05 09:06:07.001 [main] Pages_Test - Product Page Product Description matched
[INFO ] 2023-12-05 09:06:11.519 [main] Pages_Test - Product Page Click on cart button done
[INFO ] 2023-12-05 09:06:11.636 [main] Pages_Test - Checkout Page Title Test Started..
[INFO ] 2023-12-05 09:06:11.637 [main] Pages_Test - Checkout Page Title Matched..
[INFO ] 2023-12-05 09:06:11.662 [main] Pages_Test - Checkout Page Url Test Started..
[INFO ] 2023-12-05 09:06:11.663 [main] Pages_Test - Checkout Page Title Matched..
[INFO ] 2023-12-05 09:06:15.553 [main] Pages_Test - Checkout Page Product Name Test Started..
[INFO ] 2023-12-05 09:06:15.554 [main] Pages_Test - Checkout Page Product Name Matched..
[INFO ] 2023-12-05 09:06:15.633 [main] Pages_Test - Checkout Page Product Price Test Started..
[INFO ] 2023-12-05 09:06:15.633 [main] Pages_Test - Checkout Page Product Name Matched..
[INFO ] 2023-12-05 09:06:15.713 [main] Pages_Test - Checkout Page Product Price Test Started..
[INFO ] 2023-12-05 09:06:15.714 [main] Pages_Test - Checkout Page Product price matched..
[INFO ] 2023-12-05 09:06:15.932 [main] Pages_Test - Checkout Page Click on place Order..
[INFO ] 2023-12-05 09:06:17.661 [main] Pages_Test - Address Page Data Send
[DEBUG] 2023-12-05 09:07:09.348 [main] Pages_Test - Started.......
[INFO ] 2023-12-05 09:07:09.431 [main] Pages_Test - Home Page Title Test Started...
[INFO ] 2023-12-05 09:07:09.435 [main] Pages_Test - Home Page Title Matched...
[INFO ] 2023-12-05 09:07:09.503 [main] Pages_Test - Home Page Url Test Started...
[INFO ] 2023-12-05 09:07:09.503 [main] Pages_Test - Home Page Url Matched...
[INFO ] 2023-12-05 09:07:09.619 [main] Pages_Test - Home Page Logo Test Started...
[INFO ] 2023-12-05 09:07:09.620 [main] Pages_Test - Home Page logo Matched...
[INFO ] 2023-12-05 09:07:10.388 [main] Pages_Test - Home Page Links Test Started...
[INFO ] 2023-12-05 09:07:10.633 [main] Pages_Test - Home Page Products Test Started...
[INFO ] 2023-12-05 09:07:10.633 [main] Pages_Test - Home Page Products Matched...
[INFO ] 2023-12-05 09:07:10.847 [main] Pages_Test - Home Page Products name Verified...
[INFO ] 2023-12-05 09:07:11.070 [main] Pages_Test - Home Page Footer Text Verified...
[INFO ] 2023-12-05 09:07:11.291 [main] Pages_Test - Login Page Title Test Started...
[INFO ] 2023-12-05 09:07:11.292 [main] Pages_Test - Login Page Title Matched...
[INFO ] 2023-12-05 09:07:14.597 [main] Pages_Test - Login Page Signup Done...
[INFO ] 2023-12-05 09:07:15.977 [main] Pages_Test - Login Page Login Done...
[INFO ] 2023-12-05 09:07:22.183 [main] Pages_Test - Product Page Title Test Started
[INFO ] 2023-12-05 09:07:22.183 [main] Pages_Test - Product Page Title Matched
[INFO ] 2023-12-05 09:07:22.220 [main] Pages_Test - Product Page Url Test Started
[INFO ] 2023-12-05 09:07:22.221 [main] Pages_Test - Product Page Url Matched
[INFO ] 2023-12-05 09:07:23.146 [main] Pages_Test - Product Page Product Name Test Started
[INFO ] 2023-12-05 09:07:23.147 [main] Pages_Test - Product Page Product Name Matched
[INFO ] 2023-12-05 09:07:23.240 [main] Pages_Test - Product Page Product Description Test Started
[INFO ] 2023-12-05 09:07:23.240 [main] Pages_Test - Product Page Product Description matched
[INFO ] 2023-12-05 09:07:26.343 [main] Pages_Test - Product Page Click on cart button done
[INFO ] 2023-12-05 09:07:26.477 [main] Pages_Test - Checkout Page Title Test Started..
[INFO ] 2023-12-05 09:07:26.478 [main] Pages_Test - Checkout Page Title Matched..
[INFO ] 2023-12-05 09:07:26.512 [main] Pages_Test - Checkout Page Url Test Started..
[INFO ] 2023-12-05 09:07:26.512 [main] Pages_Test - Checkout Page Title Matched..
[INFO ] 2023-12-05 09:07:29.139 [main] Pages_Test - Checkout Page Product Name Test Started..
[INFO ] 2023-12-05 09:07:29.140 [main] Pages_Test - Checkout Page Product Name Matched..
[INFO ] 2023-12-05 09:07:29.206 [main] Pages_Test - Checkout Page Product Price Test Started..
[INFO ] 2023-12-05 09:07:29.206 [main] Pages_Test - Checkout Page Product Name Matched..
[INFO ] 2023-12-05 09:07:29.276 [main] Pages_Test - Checkout Page Product Price Test Started..
[INFO ] 2023-12-05 09:07:29.276 [main] Pages_Test - Checkout Page Product price matched..
[INFO ] 2023-12-05 09:07:29.452 [main] Pages_Test - Checkout Page Click on place Order..
[INFO ] 2023-12-05 09:07:31.604 [main] Pages_Test - Address Page Data Send
[INFO ] 2023-12-05 09:07:31.721 [main] Pages_Test - Address Page Purchase Msg Test Started
[INFO ] 2023-12-05 09:07:31.721 [main] Pages_Test - Address Page Purchase Msg Matched..
[INFO ] 2023-12-05 09:07:31.812 [main] Pages_Test - Address Page Order Msg Test Started
[DEBUG] 2023-12-05 09:07:32.224 [main] Pages_Test - Ended.........
[DEBUG] 2023-12-05 09:10:47.229 [main] Pages_Test - Started.......
[INFO ] 2023-12-05 09:10:47.324 [main] Pages_Test - Home Page Title Test Started...
[INFO ] 2023-12-05 09:10:47.330 [main] Pages_Test - Home Page Title Matched...
[INFO ] 2023-12-05 09:10:47.400 [main] Pages_Test - Home Page Url Test Started...
[INFO ] 2023-12-05 09:10:47.400 [main] Pages_Test - Home Page Url Matched...
[INFO ] 2023-12-05 09:10:47.524 [main] Pages_Test - Home Page Logo Test Started...
[INFO ] 2023-12-05 09:10:47.525 [main] Pages_Test - Home Page logo Matched...
[INFO ] 2023-12-05 09:10:48.259 [main] Pages_Test - Home Page Links Test Started...
[INFO ] 2023-12-05 09:10:48.496 [main] Pages_Test - Home Page Products Test Started...
[INFO ] 2023-12-05 09:10:48.497 [main] Pages_Test - Home Page Products Matched...
[INFO ] 2023-12-05 09:10:48.735 [main] Pages_Test - Home Page Products name Verified...
[INFO ] 2023-12-05 09:10:49.003 [main] Pages_Test - Home Page Footer Text Verified...
[INFO ] 2023-12-05 09:10:49.246 [main] Pages_Test - Login Page Title Test Started...
[INFO ] 2023-12-05 09:10:49.246 [main] Pages_Test - Login Page Title Matched...
[INFO ] 2023-12-05 09:10:52.678 [main] Pages_Test - Login Page Signup Done...
[INFO ] 2023-12-05 09:10:54.163 [main] Pages_Test - Login Page Login Done...
[INFO ] 2023-12-05 09:11:00.321 [main] Pages_Test - Product Page Title Test Started
[INFO ] 2023-12-05 09:11:00.322 [main] Pages_Test - Product Page Title Matched
[INFO ] 2023-12-05 09:11:00.367 [main] Pages_Test - Product Page Url Test Started
[INFO ] 2023-12-05 09:11:00.368 [main] Pages_Test - Product Page Url Matched
[INFO ] 2023-12-05 09:11:01.282 [main] Pages_Test - Product Page Product Name Test Started
[INFO ] 2023-12-05 09:11:01.282 [main] Pages_Test - Product Page Product Name Matched
[INFO ] 2023-12-05 09:11:01.390 [main] Pages_Test - Product Page Product Description Test Started
[INFO ] 2023-12-05 09:11:01.390 [main] Pages_Test - Product Page Product Description matched
[INFO ] 2023-12-05 09:11:04.208 [main] Pages_Test - Product Page Click on cart button done
[INFO ] 2023-12-05 09:11:04.341 [main] Pages_Test - Checkout Page Title Test Started..
[INFO ] 2023-12-05 09:11:04.342 [main] Pages_Test - Checkout Page Title Matched..
[INFO ] 2023-12-05 09:11:04.369 [main] Pages_Test - Checkout Page Url Test Started..
[INFO ] 2023-12-05 09:11:04.369 [main] Pages_Test - Checkout Page Title Matched..
[INFO ] 2023-12-05 09:11:05.755 [main] Pages_Test - Checkout Page Product Name Test Started..
[INFO ] 2023-12-05 09:11:05.755 [main] Pages_Test - Checkout Page Product Name Matched..
[INFO ] 2023-12-05 09:11:05.824 [main] Pages_Test - Checkout Page Product Price Test Started..
[INFO ] 2023-12-05 09:11:05.825 [main] Pages_Test - Checkout Page Product Name Matched..
[INFO ] 2023-12-05 09:11:05.892 [main] Pages_Test - Checkout Page Product Price Test Started..
[INFO ] 2023-12-05 09:11:05.892 [main] Pages_Test - Checkout Page Product price matched..
[INFO ] 2023-12-05 09:11:06.079 [main] Pages_Test - Checkout Page Click on place Order..
[INFO ] 2023-12-05 09:11:08.313 [main] Pages_Test - Address Page Data Send
[INFO ] 2023-12-05 09:11:08.470 [main] Pages_Test - Address Page Purchase Msg Test Started
[INFO ] 2023-12-05 09:11:08.470 [main] Pages_Test - Address Page Purchase Msg Matched..
[INFO ] 2023-12-05 09:11:08.561 [main] Pages_Test - Address Page Order Msg Test Started
[DEBUG] 2023-12-05 09:11:09.078 [main] Pages_Test - Ended.........
[DEBUG] 2023-12-05 09:13:09.061 [main] Pages_Test - Started.......
[INFO ] 2023-12-05 09:13:09.148 [main] Pages_Test - Home Page Title Test Started...
[INFO ] 2023-12-05 09:13:09.153 [main] Pages_Test - Home Page Title Matched...
[INFO ] 2023-12-05 09:13:09.224 [main] Pages_Test - Home Page Url Test Started...
[INFO ] 2023-12-05 09:13:09.225 [main] Pages_Test - Home Page Url Matched...
[INFO ] 2023-12-05 09:13:09.366 [main] Pages_Test - Home Page Logo Test Started...
[INFO ] 2023-12-05 09:13:09.367 [main] Pages_Test - Home Page logo Matched...
[INFO ] 2023-12-05 09:13:10.200 [main] Pages_Test - Home Page Links Test Started...
[INFO ] 2023-12-05 09:13:10.458 [main] Pages_Test - Home Page Products Test Started...
[INFO ] 2023-12-05 09:13:10.459 [main] Pages_Test - Home Page Products Matched...
[INFO ] 2023-12-05 09:13:10.673 [main] Pages_Test - Home Page Products name Verified...
[INFO ] 2023-12-05 09:13:10.966 [main] Pages_Test - Home Page Footer Text Verified...
[INFO ] 2023-12-05 09:13:11.240 [main] Pages_Test - Login Page Title Test Started...
[INFO ] 2023-12-05 09:13:11.240 [main] Pages_Test - Login Page Title Matched...
[INFO ] 2023-12-05 09:13:14.580 [main] Pages_Test - Login Page Signup Done...
[INFO ] 2023-12-05 09:13:16.016 [main] Pages_Test - Login Page Login Done...
[INFO ] 2023-12-05 09:13:25.657 [main] Pages_Test - Product Page Title Test Started
[INFO ] 2023-12-05 09:13:25.660 [main] Pages_Test - Product Page Title Matched
[INFO ] 2023-12-05 09:13:25.792 [main] Pages_Test - Product Page Url Test Started
[INFO ] 2023-12-05 09:13:25.793 [main] Pages_Test - Product Page Url Matched
[INFO ] 2023-12-05 09:13:26.610 [main] Pages_Test - Product Page Product Name Test Started
[INFO ] 2023-12-05 09:13:26.612 [main] Pages_Test - Product Page Product Name Matched
[INFO ] 2023-12-05 09:13:26.699 [main] Pages_Test - Product Page Product Description Test Started
[INFO ] 2023-12-05 09:13:26.699 [main] Pages_Test - Product Page Product Description matched
[INFO ] 2023-12-05 09:13:31.786 [main] Pages_Test - Product Page Click on cart button done
[INFO ] 2023-12-05 09:13:31.814 [main] Pages_Test - Checkout Page Title Test Started..
[INFO ] 2023-12-05 09:13:31.815 [main] Pages_Test - Checkout Page Title Matched..
[INFO ] 2023-12-05 09:13:31.834 [main] Pages_Test - Checkout Page Url Test Started..
[INFO ] 2023-12-05 09:13:31.834 [main] Pages_Test - Checkout Page Title Matched..
[INFO ] 2023-12-05 09:13:35.701 [main] Pages_Test - Checkout Page Product Name Test Started..
[INFO ] 2023-12-05 09:13:35.702 [main] Pages_Test - Checkout Page Product Name Matched..
[INFO ] 2023-12-05 09:13:35.775 [main] Pages_Test - Checkout Page Product Price Test Started..
[INFO ] 2023-12-05 09:13:35.775 [main] Pages_Test - Checkout Page Product Name Matched..
[INFO ] 2023-12-05 09:13:35.843 [main] Pages_Test - Checkout Page Product Price Test Started..
[INFO ] 2023-12-05 09:13:35.844 [main] Pages_Test - Checkout Page Product price matched..
[INFO ] 2023-12-05 09:13:35.995 [main] Pages_Test - Checkout Page Click on place Order..
[INFO ] 2023-12-05 09:13:38.063 [main] Pages_Test - Address Page Data Send
[INFO ] 2023-12-05 09:13:38.203 [main] Pages_Test - Address Page Purchase Msg Test Started
[INFO ] 2023-12-05 09:13:38.204 [main] Pages_Test - Address Page Purchase Msg Matched..
[INFO ] 2023-12-05 09:13:38.370 [main] Pages_Test - Address Page Order Msg Test Started
[DEBUG] 2023-12-05 09:13:38.848 [main] Pages_Test - Ended.........
[DEBUG] 2023-12-05 16:28:55.197 [main] Pages_Test - Started.......
[INFO ] 2023-12-05 16:28:55.266 [main] Pages_Test - Home Page Title Test Started...
[INFO ] 2023-12-05 16:28:55.271 [main] Pages_Test - Home Page Title Matched...
[INFO ] 2023-12-05 16:28:55.338 [main] Pages_Test - Home Page Url Test Started...
[INFO ] 2023-12-05 16:28:55.338 [main] Pages_Test - Home Page Url Matched...
[INFO ] 2023-12-05 16:28:55.449 [main] Pages_Test - Home Page Logo Test Started...
[INFO ] 2023-12-05 16:28:55.450 [main] Pages_Test - Home Page logo Matched...
[INFO ] 2023-12-05 16:28:56.296 [main] Pages_Test - Home Page Links Test Started...
[INFO ] 2023-12-05 16:28:56.496 [main] Pages_Test - Home Page Products Test Started...
[INFO ] 2023-12-05 16:28:56.497 [main] Pages_Test - Home Page Products Matched...
[INFO ] 2023-12-05 16:28:56.688 [main] Pages_Test - Home Page Products name Verified...
[INFO ] 2023-12-05 16:28:56.887 [main] Pages_Test - Home Page Footer Text Verified...
[INFO ] 2023-12-05 16:28:57.097 [main] Pages_Test - Login Page Title Test Started...
[INFO ] 2023-12-05 16:28:57.098 [main] Pages_Test - Login Page Title Matched...
[INFO ] 2023-12-05 16:28:59.834 [main] Pages_Test - Login Page Signup Done...
[INFO ] 2023-12-05 16:29:00.740 [main] Pages_Test - Login Page Login Done...
[INFO ] 2023-12-05 16:29:06.319 [main] Pages_Test - Product Page Title Test Started
[INFO ] 2023-12-05 16:29:06.320 [main] Pages_Test - Product Page Title Matched
[INFO ] 2023-12-05 16:29:06.334 [main] Pages_Test - Product Page Url Test Started
[INFO ] 2023-12-05 16:29:06.334 [main] Pages_Test - Product Page Url Matched
[INFO ] 2023-12-05 16:29:07.681 [main] Pages_Test - Product Page Product Name Test Started
[INFO ] 2023-12-05 16:29:07.681 [main] Pages_Test - Product Page Product Name Matched
[INFO ] 2023-12-05 16:29:07.731 [main] Pages_Test - Product Page Product Description Test Started
[INFO ] 2023-12-05 16:29:07.731 [main] Pages_Test - Product Page Product Description matched
[INFO ] 2023-12-05 16:29:10.285 [main] Pages_Test - Product Page Click on cart button done
[INFO ] 2023-12-05 16:29:10.360 [main] Pages_Test - Checkout Page Title Test Started..
[INFO ] 2023-12-05 16:29:10.361 [main] Pages_Test - Checkout Page Title Matched..
[INFO ] 2023-12-05 16:29:10.381 [main] Pages_Test - Checkout Page Url Test Started..
[INFO ] 2023-12-05 16:29:10.381 [main] Pages_Test - Checkout Page Title Matched..
[INFO ] 2023-12-05 16:29:11.983 [main] Pages_Test - Checkout Page Product Name Test Started..
[INFO ] 2023-12-05 16:29:11.984 [main] Pages_Test - Checkout Page Product Name Matched..
[INFO ] 2023-12-05 16:29:12.044 [main] Pages_Test - Checkout Page Product Price Test Started..
[INFO ] 2023-12-05 16:29:12.045 [main] Pages_Test - Checkout Page Product Name Matched..
[INFO ] 2023-12-05 16:29:12.101 [main] Pages_Test - Checkout Page Product Price Test Started..
[INFO ] 2023-12-05 16:29:12.101 [main] Pages_Test - Checkout Page Product price matched..
[INFO ] 2023-12-05 16:29:12.212 [main] Pages_Test - Checkout Page Click on place Order..
[INFO ] 2023-12-05 16:29:13.644 [main] Pages_Test - Address Page Data Send
[INFO ] 2023-12-05 16:29:13.714 [main] Pages_Test - Address Page Purchase Msg Test Started
[INFO ] 2023-12-05 16:29:13.714 [main] Pages_Test - Address Page Purchase Msg Matched..
[INFO ] 2023-12-05 16:29:13.778 [main] Pages_Test - Address Page Order Msg Test Started
[DEBUG] 2023-12-05 16:29:14.064 [main] Pages_Test - Ended.........
[DEBUG] 2023-12-05 16:38:41.650 [main] Pages_Test - Started.......
[INFO ] 2023-12-05 16:38:41.728 [main] Pages_Test - Home Page Title Test Started...
[INFO ] 2023-12-05 16:38:41.733 [main] Pages_Test - Home Page Title Matched...
[INFO ] 2023-12-05 16:38:41.775 [main] Pages_Test - Home Page Url Test Started...
[INFO ] 2023-12-05 16:38:41.776 [main] Pages_Test - Home Page Url Matched...
[INFO ] 2023-12-05 16:38:41.856 [main] Pages_Test - Home Page Logo Test Started...
[INFO ] 2023-12-05 16:38:41.856 [main] Pages_Test - Home Page logo Matched...
[INFO ] 2023-12-05 16:38:42.152 [main] Pages_Test - Home Page Links Test Started...
[INFO ] 2023-12-05 16:38:47.129 [main] Pages_Test - Home Page Products Test Started...
[INFO ] 2023-12-05 16:38:47.129 [main] Pages_Test - Home Page Products Matched...
[INFO ] 2023-12-05 16:38:47.284 [main] Pages_Test - Home Page Products name Verified...
[INFO ] 2023-12-05 16:38:47.472 [main] Pages_Test - Home Page Footer Text Verified...
[INFO ] 2023-12-05 16:38:47.756 [main] Pages_Test - Login Page Title Test Started...
[INFO ] 2023-12-05 16:38:47.757 [main] Pages_Test - Login Page Title Matched...
[INFO ] 2023-12-05 16:38:50.965 [main] Pages_Test - Login Page Signup Done...
[INFO ] 2023-12-05 16:38:51.928 [main] Pages_Test - Login Page Login Done...
[INFO ] 2023-12-05 16:38:59.432 [main] Pages_Test - Product Page Title Test Started
[INFO ] 2023-12-05 16:38:59.432 [main] Pages_Test - Product Page Title Matched
[INFO ] 2023-12-05 16:38:59.449 [main] Pages_Test - Product Page Url Test Started
[INFO ] 2023-12-05 16:38:59.450 [main] Pages_Test - Product Page Url Matched
[INFO ] 2023-12-05 16:39:00.743 [main] Pages_Test - Product Page Product Name Test Started
[INFO ] 2023-12-05 16:39:00.743 [main] Pages_Test - Product Page Product Name Matched
[INFO ] 2023-12-05 16:39:00.794 [main] Pages_Test - Product Page Product Description Test Started
[INFO ] 2023-12-05 16:39:00.795 [main] Pages_Test - Product Page Product Description matched
[INFO ] 2023-12-05 16:39:03.114 [main] Pages_Test - Product Page Click on cart button done
[INFO ] 2023-12-05 16:39:03.180 [main] Pages_Test - Checkout Page Title Test Started..
[INFO ] 2023-12-05 16:39:03.181 [main] Pages_Test - Checkout Page Title Matched..
[INFO ] 2023-12-05 16:39:03.207 [main] Pages_Test - Checkout Page Url Test Started..
[INFO ] 2023-12-05 16:39:03.207 [main] Pages_Test - Checkout Page Title Matched..
[INFO ] 2023-12-05 16:39:04.934 [main] Pages_Test - Checkout Page Product Name Test Started..
[INFO ] 2023-12-05 16:39:04.934 [main] Pages_Test - Checkout Page Product Name Matched..
[INFO ] 2023-12-05 16:39:04.981 [main] Pages_Test - Checkout Page Product Price Test Started..
[INFO ] 2023-12-05 16:39:04.981 [main] Pages_Test - Checkout Page Product Name Matched..
[INFO ] 2023-12-05 16:39:05.032 [main] Pages_Test - Checkout Page Product Price Test Started..
[INFO ] 2023-12-05 16:39:05.032 [main] Pages_Test - Checkout Page Product price matched..
[INFO ] 2023-12-05 16:39:05.132 [main] Pages_Test - Checkout Page Click on place Order..
[INFO ] 2023-12-05 16:39:06.326 [main] Pages_Test - Address Page Data Send
[INFO ] 2023-12-05 16:39:06.380 [main] Pages_Test - Address Page Purchase Msg Test Started
[INFO ] 2023-12-05 16:39:06.380 [main] Pages_Test - Address Page Purchase Msg Matched..
[INFO ] 2023-12-05 16:39:06.441 [main] Pages_Test - Address Page Order Msg Test Started
[DEBUG] 2023-12-05 16:39:06.693 [main] Pages_Test - Ended.........
[DEBUG] 2023-12-05 16:40:32.430 [main] Pages_Test - Started.......
[INFO ] 2023-12-05 16:40:32.493 [main] Pages_Test - Home Page Title Test Started...
[INFO ] 2023-12-05 16:40:32.493 [main] Pages_Test - Home Page Title Matched...
[INFO ] 2023-12-05 16:40:32.556 [main] Pages_Test - Home Page Url Test Started...
[INFO ] 2023-12-05 16:40:32.556 [main] Pages_Test - Home Page Url Matched...
[INFO ] 2023-12-05 16:40:32.667 [main] Pages_Test - Home Page Logo Test Started...
[INFO ] 2023-12-05 16:40:32.667 [main] Pages_Test - Home Page logo Matched...
[INFO ] 2023-12-05 16:40:33.213 [main] Pages_Test - Home Page Links Test Started...
[INFO ] 2023-12-05 16:40:33.358 [main] Pages_Test - Home Page Products Test Started...
[INFO ] 2023-12-05 16:40:33.358 [main] Pages_Test - Home Page Products Matched...
[INFO ] 2023-12-05 16:40:33.502 [main] Pages_Test - Home Page Products name Verified...
[INFO ] 2023-12-05 16:40:33.647 [main] Pages_Test - Home Page Footer Text Verified...
[INFO ] 2023-12-05 16:40:33.808 [main] Pages_Test - Login Page Title Test Started...
[INFO ] 2023-12-05 16:40:33.809 [main] Pages_Test - Login Page Title Matched...
[INFO ] 2023-12-05 16:40:36.090 [main] Pages_Test - Login Page Signup Done...
[INFO ] 2023-12-05 16:40:37.083 [main] Pages_Test - Login Page Login Done...
[INFO ] 2023-12-05 16:40:42.412 [main] Pages_Test - Product Page Title Test Started
[INFO ] 2023-12-05 16:40:42.412 [main] Pages_Test - Product Page Title Matched
[INFO ] 2023-12-05 16:40:42.423 [main] Pages_Test - Product Page Url Test Started
[INFO ] 2023-12-05 16:40:42.423 [main] Pages_Test - Product Page Url Matched
[INFO ] 2023-12-05 16:40:43.898 [main] Pages_Test - Product Page Product Name Test Started
[INFO ] 2023-12-05 16:40:43.898 [main] Pages_Test - Product Page Product Name Matched
[INFO ] 2023-12-05 16:40:43.951 [main] Pages_Test - Product Page Product Description Test Started
[INFO ] 2023-12-05 16:40:43.951 [main] Pages_Test - Product Page Product Description matched
[INFO ] 2023-12-05 16:40:46.284 [main] Pages_Test - Product Page Click on cart button done
[INFO ] 2023-12-05 16:40:46.302 [main] Pages_Test - Checkout Page Title Test Started..
[INFO ] 2023-12-05 16:40:46.302 [main] Pages_Test - Checkout Page Title Matched..
[INFO ] 2023-12-05 16:40:46.316 [main] Pages_Test - Checkout Page Url Test Started..
[INFO ] 2023-12-05 16:40:46.316 [main] Pages_Test - Checkout Page Title Matched..
[INFO ] 2023-12-05 16:40:48.330 [main] Pages_Test - Checkout Page Product Name Test Started..
[INFO ] 2023-12-05 16:40:48.331 [main] Pages_Test - Checkout Page Product Name Matched..
[INFO ] 2023-12-05 16:40:48.381 [main] Pages_Test - Checkout Page Product Price Test Started..
[INFO ] 2023-12-05 16:40:48.381 [main] Pages_Test - Checkout Page Product Name Matched..
[INFO ] 2023-12-05 16:40:48.426 [main] Pages_Test - Checkout Page Product Price Test Started..
[INFO ] 2023-12-05 16:40:48.426 [main] Pages_Test - Checkout Page Product price matched..
[INFO ] 2023-12-05 16:40:48.524 [main] Pages_Test - Checkout Page Click on place Order..
[INFO ] 2023-12-05 16:40:49.496 [main] Pages_Test - Address Page Data Send
[INFO ] 2023-12-05 16:40:49.550 [main] Pages_Test - Address Page Purchase Msg Test Started
[INFO ] 2023-12-05 16:40:49.550 [main] Pages_Test - Address Page Purchase Msg Matched..
[INFO ] 2023-12-05 16:40:49.611 [main] Pages_Test - Address Page Order Msg Test Started
[DEBUG] 2023-12-05 16:40:49.830 [main] Pages_Test - Ended.........
[DEBUG] 2023-12-05 17:23:44.311 [main] Pages_Test - Started.......
[INFO ] 2023-12-05 17:23:44.416 [main] Pages_Test - Home Page Title Test Started...
[INFO ] 2023-12-05 17:23:44.421 [main] Pages_Test - Home Page Title Matched...
[INFO ] 2023-12-05 17:23:44.537 [main] Pages_Test - Home Page Url Test Started...
[INFO ] 2023-12-05 17:23:44.537 [main] Pages_Test - Home Page Url Matched...
[INFO ] 2023-12-05 17:23:44.668 [main] Pages_Test - Home Page Logo Test Started...
[INFO ] 2023-12-05 17:23:44.668 [main] Pages_Test - Home Page logo Matched...
[INFO ] 2023-12-05 17:23:45.748 [main] Pages_Test - Home Page Links Test Started...
[INFO ] 2023-12-05 17:23:45.975 [main] Pages_Test - Home Page Products Test Started...
[INFO ] 2023-12-05 17:23:45.975 [main] Pages_Test - Home Page Products Matched...
[INFO ] 2023-12-05 17:23:46.202 [main] Pages_Test - Home Page Products name Verified...
[INFO ] 2023-12-05 17:23:46.389 [main] Pages_Test - Home Page Footer Text Verified...
[INFO ] 2023-12-05 17:23:46.559 [main] Pages_Test - Login Page Title Test Started...
[INFO ] 2023-12-05 17:23:46.559 [main] Pages_Test - Login Page Title Matched...
[INFO ] 2023-12-05 17:23:49.840 [main] Pages_Test - Login Page Signup Done...
[INFO ] 2023-12-05 17:23:50.755 [main] Pages_Test - Login Page Login Done...
[INFO ] 2023-12-05 17:23:56.105 [main] Pages_Test - Product Page Title Test Started
[INFO ] 2023-12-05 17:23:56.105 [main] Pages_Test - Product Page Title Matched
[INFO ] 2023-12-05 17:23:56.125 [main] Pages_Test - Product Page Url Test Started
[INFO ] 2023-12-05 17:23:56.126 [main] Pages_Test - Product Page Url Matched
[INFO ] 2023-12-05 17:23:56.941 [main] Pages_Test - Product Page Product Name Test Started
[INFO ] 2023-12-05 17:23:56.941 [main] Pages_Test - Product Page Product Name Matched
[INFO ] 2023-12-05 17:23:56.993 [main] Pages_Test - Product Page Product Description Test Started
[INFO ] 2023-12-05 17:23:56.993 [main] Pages_Test - Product Page Product Description matched
[INFO ] 2023-12-05 17:23:59.272 [main] Pages_Test - Product Page Click on cart button done
[INFO ] 2023-12-05 17:23:59.345 [main] Pages_Test - Checkout Page Title Test Started..
[INFO ] 2023-12-05 17:23:59.345 [main] Pages_Test - Checkout Page Title Matched..
[INFO ] 2023-12-05 17:23:59.362 [main] Pages_Test - Checkout Page Url Test Started..
[INFO ] 2023-12-05 17:23:59.363 [main] Pages_Test - Checkout Page Title Matched..
[INFO ] 2023-12-05 17:24:02.213 [main] Pages_Test - Checkout Page Product Name Test Started..
[INFO ] 2023-12-05 17:24:02.214 [main] Pages_Test - Checkout Page Product Name Matched..
[INFO ] 2023-12-05 17:24:02.283 [main] Pages_Test - Checkout Page Product Price Test Started..
[INFO ] 2023-12-05 17:24:02.283 [main] Pages_Test - Checkout Page Product Name Matched..
[INFO ] 2023-12-05 17:24:02.347 [main] Pages_Test - Checkout Page Product Price Test Started..
[INFO ] 2023-12-05 17:24:02.347 [main] Pages_Test - Checkout Page Product price matched..
[INFO ] 2023-12-05 17:24:02.494 [main] Pages_Test - Checkout Page Click on place Order..
[INFO ] 2023-12-05 17:24:03.835 [main] Pages_Test - Address Page Data Send
[INFO ] 2023-12-05 17:24:03.923 [main] Pages_Test - Address Page Purchase Msg Test Started
[INFO ] 2023-12-05 17:24:03.923 [main] Pages_Test - Address Page Purchase Msg Matched..
[INFO ] 2023-12-05 17:24:04.001 [main] Pages_Test - Address Page Order Msg Test Started
[DEBUG] 2023-12-05 17:24:04.283 [main] Pages_Test - Ended.........
