[DEBUG] 2023-12-06 12:29:18.803 [main] Pages_Test - Started.......
[INFO ] 2023-12-06 12:29:18.880 [main] Pages_Test - Home Page Title Test Started...
[INFO ] 2023-12-06 12:29:18.883 [main] Pages_Test - Home Page Title Matched...
[INFO ] 2023-12-06 12:29:18.934 [main] Pages_Test - Home Page Url Test Started...
[INFO ] 2023-12-06 12:29:18.935 [main] Pages_Test - Home Page Url Matched...
[INFO ] 2023-12-06 12:29:19.067 [main] Pages_Test - Home Page Logo Test Started...
[INFO ] 2023-12-06 12:29:19.067 [main] Pages_Test - Home Page logo Matched...
[INFO ] 2023-12-06 12:29:19.697 [main] Pages_Test - Home Page Links Test Started...
[INFO ] 2023-12-06 12:29:19.846 [main] Pages_Test - Home Page Products Test Started...
[INFO ] 2023-12-06 12:29:19.847 [main] Pages_Test - Home Page Products Matched...
[INFO ] 2023-12-06 12:29:20.020 [main] Pages_Test - Home Page Products name Verified...
[INFO ] 2023-12-06 12:29:20.189 [main] Pages_Test - Home Page Footer Text Verified...
[INFO ] 2023-12-06 12:29:20.349 [main] Pages_Test - Login Page Title Test Started...
[INFO ] 2023-12-06 12:29:20.350 [main] Pages_Test - Login Page Title Matched...
[INFO ] 2023-12-06 12:29:24.082 [main] Pages_Test - Login Page Signup Done...
[INFO ] 2023-12-06 12:29:25.027 [main] Pages_Test - Login Page Login Done...
[INFO ] 2023-12-06 12:29:30.017 [main] Pages_Test - Product Page Title Test Started
[INFO ] 2023-12-06 12:29:30.018 [main] Pages_Test - Product Page Title Matched
[INFO ] 2023-12-06 12:29:30.045 [main] Pages_Test - Product Page Url Test Started
[INFO ] 2023-12-06 12:29:30.045 [main] Pages_Test - Product Page Url Matched
[INFO ] 2023-12-06 12:29:30.810 [main] Pages_Test - Product Page Product Name Test Started
[INFO ] 2023-12-06 12:29:30.810 [main] Pages_Test - Product Page Product Name Matched
[INFO ] 2023-12-06 12:29:30.862 [main] Pages_Test - Product Page Product Description Test Started
[INFO ] 2023-12-06 12:29:30.862 [main] Pages_Test - Product Page Product Description matched
[INFO ] 2023-12-06 12:29:33.549 [main] Pages_Test - Product Page Click on cart button done
[INFO ] 2023-12-06 12:29:33.617 [main] Pages_Test - Checkout Page Title Test Started..
[INFO ] 2023-12-06 12:29:33.618 [main] Pages_Test - Checkout Page Title Matched..
[INFO ] 2023-12-06 12:29:33.632 [main] Pages_Test - Checkout Page Url Test Started..
[INFO ] 2023-12-06 12:29:33.632 [main] Pages_Test - Checkout Page Title Matched..
[INFO ] 2023-12-06 12:29:34.895 [main] Pages_Test - Checkout Page Product Name Test Started..
[INFO ] 2023-12-06 12:29:34.895 [main] Pages_Test - Checkout Page Product Name Matched..
[INFO ] 2023-12-06 12:29:34.942 [main] Pages_Test - Checkout Page Product Price Test Started..
[INFO ] 2023-12-06 12:29:34.942 [main] Pages_Test - Checkout Page Product Name Matched..
[INFO ] 2023-12-06 12:29:34.995 [main] Pages_Test - Checkout Page Product Price Test Started..
[INFO ] 2023-12-06 12:29:34.995 [main] Pages_Test - Checkout Page Product price matched..
[INFO ] 2023-12-06 12:29:35.096 [main] Pages_Test - Checkout Page Click on place Order..
[INFO ] 2023-12-06 12:29:36.499 [main] Pages_Test - Address Page Data Send
[INFO ] 2023-12-06 12:29:36.561 [main] Pages_Test - Address Page Purchase Msg Test Started
[INFO ] 2023-12-06 12:29:36.561 [main] Pages_Test - Address Page Purchase Msg Matched..
[INFO ] 2023-12-06 12:29:36.630 [main] Pages_Test - Address Page Order Msg Test Started
[DEBUG] 2023-12-06 12:29:36.901 [main] Pages_Test - Ended.........
